app/build/intermediates/manifest_merge_blame_file/debug/manifest-merger-blame-debug-report.txt
1<?xml version="1.0" encoding="utf-8"?>
2<manifest xmlns:android="http://schemas.android.com/apk/res/android"
3    package="devdaryl.com.mapwithlogin"
4    android:versionCode="1"
5    android:versionName="1.0" >
6
7    <uses-sdk
8        android:minSdkVersion="23"
8-->src/main/AndroidManifest.xml
9        android:targetSdkVersion="28" />
9-->src/main/AndroidManifest.xml
10
11    <uses-permission android:name="android.permission.INTERNET" />
11-->src/main/AndroidManifest.xml:5:5-67
11-->src/main/AndroidManifest.xml:5:22-64
12    <uses-permission android:name="android.permission.ACCESS_FINE_LOCATION" />
12-->src/main/AndroidManifest.xml:6:5-79
12-->src/main/AndroidManifest.xml:6:22-76
13    <uses-permission android:name="android.permission.ACCESS_COARSE_LOCATION" />
13-->src/main/AndroidManifest.xml:7:5-81
13-->src/main/AndroidManifest.xml:7:22-78
14    <uses-permission android:name="android.permission.ACCESS_NETWORK_STATE" />
14-->src/main/AndroidManifest.xml:8:5-79
14-->src/main/AndroidManifest.xml:8:22-76
15
16    <uses-feature
16-->[com.google.android.gms:play-services-maps:17.0.0] AndroidManifest.xml:26:5-28:35
17        android:glEsVersion="0x00020000"
17-->[com.google.android.gms:play-services-maps:17.0.0] AndroidManifest.xml:27:9-41
18        android:required="true" />
18-->[com.google.android.gms:play-services-maps:17.0.0] AndroidManifest.xml:28:9-32
19
20    <uses-permission android:name="android.permission.WAKE_LOCK" /> <!-- Required by older versions of Google Play services to create IID tokens -->
20-->[com.google.android.gms:play-services-measurement-api:17.2.1] AndroidManifest.xml:24:5-68
20-->[com.google.android.gms:play-services-measurement-api:17.2.1] AndroidManifest.xml:24:22-65
21    <uses-permission android:name="com.google.android.c2dm.permission.RECEIVE" />
21-->[com.google.firebase:firebase-iid:19.0.0] AndroidManifest.xml:26:5-82
21-->[com.google.firebase:firebase-iid:19.0.0] AndroidManifest.xml:26:22-79
22    <uses-permission android:name="com.google.android.finsky.permission.BIND_GET_INSTALL_REFERRER_SERVICE" />
22-->[com.google.android.gms:play-services-measurement:17.2.1] AndroidManifest.xml:26:5-110
22-->[com.google.android.gms:play-services-measurement:17.2.1] AndroidManifest.xml:26:22-107
23
24    <application
24-->src/main/AndroidManifest.xml:10:5-69:19
25        android:allowBackup="true"
25-->src/main/AndroidManifest.xml:11:9-35
26        android:appComponentFactory="androidx.core.app.CoreComponentFactory"
26-->[androidx.core:core:1.1.0] AndroidManifest.xml:24:18-86
27        android:debuggable="true"
28        android:icon="@mipmap/ic_launcher"
28-->src/main/AndroidManifest.xml:12:9-43
29        android:label="@string/app_name"
29-->src/main/AndroidManifest.xml:13:9-41
30        android:networkSecurityConfig="@xml/networ_security_config"
30-->src/main/AndroidManifest.xml:17:9-68
31        android:roundIcon="@mipmap/ic_launcher_round"
31-->src/main/AndroidManifest.xml:14:9-54
32        android:supportsRtl="true"
32-->src/main/AndroidManifest.xml:15:9-35
33        android:testOnly="true"
34        android:theme="@style/AppTheme" >
34-->src/main/AndroidManifest.xml:16:9-40
35        <activity android:name="devdaryl.com.mapwithlogin.LoginActivity" />
35-->src/main/AndroidManifest.xml:20:9-85
35-->src/main/AndroidManifest.xml:20:19-73
36
37        <meta-data
37-->src/main/AndroidManifest.xml:22:9-24:71
38            android:name="com.google.android.geo.API_KEY"
38-->src/main/AndroidManifest.xml:23:13-58
39            android:value="AIzaSyDGRSQA-WaeCi8xE7-voGWOoXmXg28kmJc" />
39-->src/main/AndroidManifest.xml:24:13-68
40        <meta-data
40-->src/main/AndroidManifest.xml:25:9-27:69
41            android:name="com.google.android.gms.version"
41-->src/main/AndroidManifest.xml:26:13-58
42            android:value="@integer/google_play_services_version" />
42-->src/main/AndroidManifest.xml:27:13-66
43        <meta-data
43-->src/main/AndroidManifest.xml:28:9-30:57
44            android:name="preloaded_fonts"
44-->src/main/AndroidManifest.xml:29:13-43
45            android:resource="@array/preloaded_fonts" />
45-->src/main/AndroidManifest.xml:30:13-54
46
47        <activity android:name="devdaryl.com.mapwithlogin.MainActivity" >
47-->src/main/AndroidManifest.xml:32:9-38:20
47-->src/main/AndroidManifest.xml:32:19-72
48            <intent-filter>
48-->src/main/AndroidManifest.xml:33:13-37:29
49                <action android:name="android.intent.action.MAIN" />
49-->src/main/AndroidManifest.xml:34:17-69
49-->src/main/AndroidManifest.xml:34:25-66
50
51                <category android:name="android.intent.category.LAUNCHER" />
51-->src/main/AndroidManifest.xml:36:17-77
51-->src/main/AndroidManifest.xml:36:27-74
52            </intent-filter>
53        </activity>
54        <activity
54-->src/main/AndroidManifest.xml:39:9-41:15
55            android:name="devdaryl.com.mapwithlogin.MapActivity"
55-->src/main/AndroidManifest.xml:39:19-71
56            android:launchMode="singleTop" />
56-->src/main/AndroidManifest.xml:40:19-49
57        <activity
57-->src/main/AndroidManifest.xml:43:9-51:20
58            android:name="devdaryl.com.mapwithlogin.AddPOI"
58-->src/main/AndroidManifest.xml:44:13-35
59            android:configChanges="orientation|keyboardHidden|screenSize"
59-->src/main/AndroidManifest.xml:45:13-74
60            android:label="@string/title_activity_add_poi"
60-->src/main/AndroidManifest.xml:46:13-59
61            android:parentActivityName="devdaryl.com.mapwithlogin.MapActivity"
61-->src/main/AndroidManifest.xml:47:13-54
62            android:theme="@style/FullscreenThemeUpdated" >
62-->src/main/AndroidManifest.xml:48:13-58
63        </activity>
64        <activity
64-->src/main/AndroidManifest.xml:52:9-60:20
65            android:name="devdaryl.com.mapwithlogin.FilterPOI"
65-->src/main/AndroidManifest.xml:53:13-38
66            android:configChanges="orientation|keyboardHidden|screenSize"
66-->src/main/AndroidManifest.xml:54:13-74
67            android:label="@string/title_activity_filter_poi"
67-->src/main/AndroidManifest.xml:55:13-62
68            android:parentActivityName="devdaryl.com.mapwithlogin.MapActivity"
68-->src/main/AndroidManifest.xml:56:13-54
69            android:theme="@style/FullscreenThemeUpdated" >
69-->src/main/AndroidManifest.xml:57:13-58
70        </activity>
71        <activity
71-->src/main/AndroidManifest.xml:62:9-67:25
72            android:name="devdaryl.com.mapwithlogin.PoiPopUp"
72-->src/main/AndroidManifest.xml:62:19-43
73            android:configChanges="orientation|keyboardHidden|screenSize"
73-->src/main/AndroidManifest.xml:63:13-74
74            android:label="title_activity_poi_pop_up"
74-->src/main/AndroidManifest.xml:64:13-56
75            android:parentActivityName="devdaryl.com.mapwithlogin.MapActivity"
75-->src/main/AndroidManifest.xml:65:13-54
76            android:theme="@style/AppTheme.PopUp" />
76-->src/main/AndroidManifest.xml:66:13-52
77
78        <!-- Needs to be explicitly declared on P+ -->
79        <uses-library
79-->[com.google.android.gms:play-services-maps:17.0.0] AndroidManifest.xml:33:9-35:40
80            android:name="org.apache.http.legacy"
80-->[com.google.android.gms:play-services-maps:17.0.0] AndroidManifest.xml:34:13-50
81            android:required="false" />
81-->[com.google.android.gms:play-services-maps:17.0.0] AndroidManifest.xml:35:13-37
82
83        <activity
83-->[com.google.android.gms:play-services-auth:17.0.0] AndroidManifest.xml:23:9-27:75
84            android:name="com.google.android.gms.auth.api.signin.internal.SignInHubActivity"
84-->[com.google.android.gms:play-services-auth:17.0.0] AndroidManifest.xml:24:13-93
85            android:excludeFromRecents="true"
85-->[com.google.android.gms:play-services-auth:17.0.0] AndroidManifest.xml:25:13-46
86            android:exported="false"
86-->[com.google.android.gms:play-services-auth:17.0.0] AndroidManifest.xml:26:13-37
87            android:theme="@android:style/Theme.Translucent.NoTitleBar" />
87-->[com.google.android.gms:play-services-auth:17.0.0] AndroidManifest.xml:27:13-72
88        <!--
89            Service handling Google Sign-In user revocation. For apps that do not integrate with
90            Google Sign-In, this service will never be started.
91        -->
92        <service
92-->[com.google.android.gms:play-services-auth:17.0.0] AndroidManifest.xml:33:9-36:110
93            android:name="com.google.android.gms.auth.api.signin.RevocationBoundService"
93-->[com.google.android.gms:play-services-auth:17.0.0] AndroidManifest.xml:34:13-89
94            android:exported="true"
94-->[com.google.android.gms:play-services-auth:17.0.0] AndroidManifest.xml:35:13-36
95            android:permission="com.google.android.gms.auth.api.signin.permission.REVOCATION_NOTIFICATION" />
95-->[com.google.android.gms:play-services-auth:17.0.0] AndroidManifest.xml:36:13-107
96
97        <activity
97-->[com.google.firebase:firebase-auth:19.1.0] AndroidManifest.xml:24:9-31:50
98            android:name="com.google.firebase.auth.internal.FederatedSignInActivity"
98-->[com.google.firebase:firebase-auth:19.1.0] AndroidManifest.xml:25:13-85
99            android:excludeFromRecents="true"
99-->[com.google.firebase:firebase-auth:19.1.0] AndroidManifest.xml:26:13-46
100            android:exported="true"
100-->[com.google.firebase:firebase-auth:19.1.0] AndroidManifest.xml:27:13-36
101            android:launchMode="singleTask"
101-->[com.google.firebase:firebase-auth:19.1.0] AndroidManifest.xml:28:13-44
102            android:permission="com.google.firebase.auth.api.gms.permission.LAUNCH_FEDERATED_SIGN_IN"
102-->[com.google.firebase:firebase-auth:19.1.0] AndroidManifest.xml:29:13-102
103            android:theme="@android:style/Theme.Translucent.NoTitleBar" />
103-->[com.google.firebase:firebase-auth:19.1.0] AndroidManifest.xml:30:13-72
104
105        <service
105-->[com.google.firebase:firebase-auth:19.1.0] AndroidManifest.xml:33:9-39:19
106            android:name="com.google.firebase.components.ComponentDiscoveryService"
106-->[com.google.firebase:firebase-auth:19.1.0] AndroidManifest.xml:34:13-84
107            android:directBootAware="true"
107-->[com.google.firebase:firebase-common:19.3.0] AndroidManifest.xml:34:13-43
108            android:exported="false" >
108-->[com.google.firebase:firebase-auth:19.1.0] AndroidManifest.xml:35:13-37
109            <meta-data
109-->[com.google.firebase:firebase-auth:19.1.0] AndroidManifest.xml:36:13-38:85
110                android:name="com.google.firebase.components:com.google.firebase.auth.FirebaseAuthRegistrar"
110-->[com.google.firebase:firebase-auth:19.1.0] AndroidManifest.xml:37:17-109
111                android:value="com.google.firebase.components.ComponentRegistrar" />
111-->[com.google.firebase:firebase-auth:19.1.0] AndroidManifest.xml:38:17-82
112            <meta-data
112-->[com.google.firebase:firebase-firestore:21.3.0] AndroidManifest.xml:20:13-22:85
113                android:name="com.google.firebase.components:com.google.firebase.firestore.FirestoreRegistrar"
113-->[com.google.firebase:firebase-firestore:21.3.0] AndroidManifest.xml:21:17-111
114                android:value="com.google.firebase.components.ComponentRegistrar" />
114-->[com.google.firebase:firebase-firestore:21.3.0] AndroidManifest.xml:22:17-82
115            <meta-data
115-->[com.google.android.gms:play-services-measurement-api:17.2.1] AndroidManifest.xml:30:13-32:85
116                android:name="com.google.firebase.components:com.google.firebase.analytics.connector.internal.AnalyticsConnectorRegistrar"
116-->[com.google.android.gms:play-services-measurement-api:17.2.1] AndroidManifest.xml:31:17-139
117                android:value="com.google.firebase.components.ComponentRegistrar" />
117-->[com.google.android.gms:play-services-measurement-api:17.2.1] AndroidManifest.xml:32:17-82
118            <meta-data
118-->[com.google.firebase:firebase-iid:19.0.0] AndroidManifest.xml:32:13-34:85
119                android:name="com.google.firebase.components:com.google.firebase.iid.Registrar"
119-->[com.google.firebase:firebase-iid:19.0.0] AndroidManifest.xml:33:17-96
120                android:value="com.google.firebase.components.ComponentRegistrar" />
120-->[com.google.firebase:firebase-iid:19.0.0] AndroidManifest.xml:34:17-82
121        </service>
122
123        <receiver
123-->[com.google.firebase:firebase-iid:19.0.0] AndroidManifest.xml:37:9-44:20
124            android:name="com.google.firebase.iid.FirebaseInstanceIdReceiver"
124-->[com.google.firebase:firebase-iid:19.0.0] AndroidManifest.xml:38:13-78
125            android:exported="true"
125-->[com.google.firebase:firebase-iid:19.0.0] AndroidManifest.xml:39:13-36
126            android:permission="com.google.android.c2dm.permission.SEND" >
126-->[com.google.firebase:firebase-iid:19.0.0] AndroidManifest.xml:40:13-73
127            <intent-filter>
127-->[com.google.firebase:firebase-iid:19.0.0] AndroidManifest.xml:41:13-43:29
128                <action android:name="com.google.android.c2dm.intent.RECEIVE" />
128-->[com.google.firebase:firebase-iid:19.0.0] AndroidManifest.xml:42:17-81
128-->[com.google.firebase:firebase-iid:19.0.0] AndroidManifest.xml:42:25-78
129            </intent-filter>
130        </receiver>
131
132        <activity
132-->[com.google.android.gms:play-services-base:17.1.0] AndroidManifest.xml:23:9-26:75
133            android:name="com.google.android.gms.common.api.GoogleApiActivity"
133-->[com.google.android.gms:play-services-base:17.1.0] AndroidManifest.xml:24:13-79
134            android:exported="false"
134-->[com.google.android.gms:play-services-base:17.1.0] AndroidManifest.xml:25:13-37
135            android:theme="@android:style/Theme.Translucent.NoTitleBar" />
135-->[com.google.android.gms:play-services-base:17.1.0] AndroidManifest.xml:26:13-72
136
137        <receiver
137-->[com.google.android.gms:play-services-measurement:17.2.1] AndroidManifest.xml:29:9-33:20
138            android:name="com.google.android.gms.measurement.AppMeasurementReceiver"
138-->[com.google.android.gms:play-services-measurement:17.2.1] AndroidManifest.xml:30:13-85
139            android:enabled="true"
139-->[com.google.android.gms:play-services-measurement:17.2.1] AndroidManifest.xml:31:13-35
140            android:exported="false" >
140-->[com.google.android.gms:play-services-measurement:17.2.1] AndroidManifest.xml:32:13-37
141        </receiver>
142        <receiver
142-->[com.google.android.gms:play-services-measurement:17.2.1] AndroidManifest.xml:34:9-42:20
143            android:name="com.google.android.gms.measurement.AppMeasurementInstallReferrerReceiver"
143-->[com.google.android.gms:play-services-measurement:17.2.1] AndroidManifest.xml:35:13-100
144            android:enabled="true"
144-->[com.google.android.gms:play-services-measurement:17.2.1] AndroidManifest.xml:36:13-35
145            android:exported="true"
145-->[com.google.android.gms:play-services-measurement:17.2.1] AndroidManifest.xml:37:13-36
146            android:permission="android.permission.INSTALL_PACKAGES" >
146-->[com.google.android.gms:play-services-measurement:17.2.1] AndroidManifest.xml:38:13-69
147            <intent-filter>
147-->[com.google.android.gms:play-services-measurement:17.2.1] AndroidManifest.xml:39:13-41:29
148                <action android:name="com.android.vending.INSTALL_REFERRER" />
148-->[com.google.android.gms:play-services-measurement:17.2.1] AndroidManifest.xml:40:17-79
148-->[com.google.android.gms:play-services-measurement:17.2.1] AndroidManifest.xml:40:25-76
149            </intent-filter>
150        </receiver>
151
152        <service
152-->[com.google.android.gms:play-services-measurement:17.2.1] AndroidManifest.xml:44:9-47:40
153            android:name="com.google.android.gms.measurement.AppMeasurementService"
153-->[com.google.android.gms:play-services-measurement:17.2.1] AndroidManifest.xml:45:13-84
154            android:enabled="true"
154-->[com.google.android.gms:play-services-measurement:17.2.1] AndroidManifest.xml:46:13-35
155            android:exported="false" />
155-->[com.google.android.gms:play-services-measurement:17.2.1] AndroidManifest.xml:47:13-37
156        <service
156-->[com.google.android.gms:play-services-measurement:17.2.1] AndroidManifest.xml:48:9-52:72
157            android:name="com.google.android.gms.measurement.AppMeasurementJobService"
157-->[com.google.android.gms:play-services-measurement:17.2.1] AndroidManifest.xml:49:13-87
158            android:enabled="true"
158-->[com.google.android.gms:play-services-measurement:17.2.1] AndroidManifest.xml:50:13-35
159            android:exported="false"
159-->[com.google.android.gms:play-services-measurement:17.2.1] AndroidManifest.xml:51:13-37
160            android:permission="android.permission.BIND_JOB_SERVICE" />
160-->[com.google.android.gms:play-services-measurement:17.2.1] AndroidManifest.xml:52:13-69
161
162        <provider
162-->[com.google.firebase:firebase-common:19.3.0] AndroidManifest.xml:26:9-30:39
163            android:name="com.google.firebase.provider.FirebaseInitProvider"
163-->[com.google.firebase:firebase-common:19.3.0] AndroidManifest.xml:27:13-77
164            android:authorities="devdaryl.com.mapwithlogin.firebaseinitprovider"
164-->[com.google.firebase:firebase-common:19.3.0] AndroidManifest.xml:28:13-72
165            android:exported="false"
165-->[com.google.firebase:firebase-common:19.3.0] AndroidManifest.xml:29:13-37
166            android:initOrder="100" />
166-->[com.google.firebase:firebase-common:19.3.0] AndroidManifest.xml:30:13-36
167    </application>
168
169</manifest>